app/build/intermediates/manifest_merge_blame_file/debug/manifest-merger-blame-debug-report.txt
1<?xml version="1.0" encoding="utf-8"?>
2<manifest xmlns:android="http://schemas.android.com/apk/res/android"
3    package="com.example.currencyexchanger"
4    android:versionCode="1"
5    android:versionName="1.0" >
6
7    <uses-sdk
8        android:minSdkVersion="16"
8-->src/main/AndroidManifest.xml
9        android:targetSdkVersion="29" />
9-->src/main/AndroidManifest.xml
10
11    <uses-permission android:name="android.permission.INTERNET" />
11-->src/main/AndroidManifest.xml:5:3-65
11-->src/main/AndroidManifest.xml:5:20-62
12    <uses-permission android:name="android.permission.ACCESS_NETWORK_STATE" />
12-->src/main/AndroidManifest.xml:6:3-77
12-->src/main/AndroidManifest.xml:6:20-74
13
14    <application
14-->src/main/AndroidManifest.xml:8:3-25:17
15        android:allowBackup="true"
15-->src/main/AndroidManifest.xml:9:5-31
16        android:appComponentFactory="androidx.core.app.CoreComponentFactory"
16-->[androidx.core:core:1.3.1] AndroidManifest.xml:24:18-86
17        android:debuggable="true"
18        android:icon="@mipmap/ic_launcher"
18-->src/main/AndroidManifest.xml:10:5-39
19        android:label="@string/app_name"
19-->src/main/AndroidManifest.xml:11:5-37
20        android:roundIcon="@mipmap/ic_launcher_round"
20-->src/main/AndroidManifest.xml:12:5-50
21        android:supportsRtl="true"
21-->src/main/AndroidManifest.xml:13:5-31
22        android:testOnly="true"
23        android:theme="@style/Theme.CurrencyExchanger" >
23-->src/main/AndroidManifest.xml:14:5-51
24        <activity android:name="com.example.currencyexchanger.CryptoMonthly" />
24-->src/main/AndroidManifest.xml:15:5-56
24-->src/main/AndroidManifest.xml:15:15-44
25        <activity android:name="com.example.currencyexchanger.StartPage" >
25-->src/main/AndroidManifest.xml:16:5-22:16
25-->src/main/AndroidManifest.xml:16:15-40
26            <intent-filter>
26-->src/main/AndroidManifest.xml:17:7-21:23
27                <action android:name="android.intent.action.MAIN" />
27-->src/main/AndroidManifest.xml:18:9-61
27-->src/main/AndroidManifest.xml:18:17-58
28
29                <category android:name="android.intent.category.LAUNCHER" />
29-->src/main/AndroidManifest.xml:20:9-69
29-->src/main/AndroidManifest.xml:20:19-66
30            </intent-filter>
31        </activity>
32        <activity android:name="com.example.currencyexchanger.CryptoWeekly" />
32-->src/main/AndroidManifest.xml:23:5-46
32-->src/main/AndroidManifest.xml:23:15-43
33        <activity android:name="com.example.currencyexchanger.CryptoDaily" />
33-->src/main/AndroidManifest.xml:24:5-54
33-->src/main/AndroidManifest.xml:24:15-42
34    </application>
35
36</manifest>